# JRE version: OpenJDK Runtime Environment Temurin-21.0.10+7 (21.0.10+7) (build 21.0.10+7-LTS)
# Java VM: OpenJDK 64-Bit Server VM Temurin-21.0.10+7 (21.0.10+7-LTS, mixed mode, sharing, tiered, compressed oops, compressed class ptrs, parallel gc, windows-amd64)
GC Precious Log:
 CardTable entry size: 512
 CPUs: 4 total, 4 available
 Memory: 10116M
 Large Page Support: Disabled
 NUMA Support: Disabled
 Compressed Oops: Enabled (32-bit)
 Alignments: Space 512K, Generation 512K, Heap 2M
 Heap Min Capacity: 100M
 Heap Initial Capacity: 100M
 Heap Max Capacity: 2G
 Pre-touch: Disabled
 Parallel Workers: 4
Heap:
 PSYoungGen      total 4096K, used 3906K [0x00000000d5580000, 0x00000000d6080000, 0x0000000100000000)
  eden space 3072K, 94% used [0x00000000d5580000,0x00000000d5858b80,0x00000000d5880000)
  from space 1024K, 96% used [0x00000000d5880000,0x00000000d5978020,0x00000000d5980000)
  to   space 4096K, 0% used [0x00000000d5c80000,0x00000000d5c80000,0x00000000d6080000)
 ParOldGen       total 204288K, used 68973K [0x0000000080000000, 0x000000008c780000, 0x00000000d5580000)
  object space 204288K, 33% used [0x0000000080000000,0x000000008435b638,0x000000008c780000)
 Metaspace       used 88492K, committed 90560K, reserved 1179648K
  class space    used 9422K, committed 10176K, reserved 1048576K
GC Heap History (20 events):
Event: 576.292 GC heap before
{Heap before GC invocations=468 (full 3):
 PSYoungGen      total 3584K, used 3200K [0x00000000d5580000, 0x00000000d5a80000, 0x0000000100000000)
  eden space 3072K, 100% used [0x00000000d5580000,0x00000000d5880000,0x00000000d5880000)
  from space 512K, 25% used [0x00000000d5a00000,0x00000000d5a20000,0x00000000d5a80000)
  to   space 512K, 0% used [0x00000000d5880000,0x00000000d5880000,0x00000000d5900000)
 ParOldGen       total 203776K, used 203302K [0x0000000080000000, 0x000000008c700000, 0x00000000d5580000)
  object space 203776K, 99% used [0x0000000080000000,0x000000008c6899e8,0x000000008c700000)
 Metaspace       used 88749K, committed 90560K, reserved 1179648K
  class space    used 9443K, committed 10176K, reserved 1048576K
}
Event: 576.294 GC heap after
{Heap after GC invocations=468 (full 3):
 PSYoungGen      total 3584K, used 96K [0x00000000d5580000, 0x00000000d5a80000, 0x0000000100000000)
  eden space 3072K, 0% used [0x00000000d5580000,0x00000000d5580000,0x00000000d5880000)
  from space 512K, 18% used [0x00000000d5880000,0x00000000d5898000,0x00000000d5900000)
  to   space 512K, 0% used [0x00000000d5a00000,0x00000000d5a00000,0x00000000d5a80000)
 ParOldGen       total 203776K, used 203374K [0x0000000080000000, 0x000000008c700000, 0x00000000d5580000)
  object space 203776K, 99% used [0x0000000080000000,0x000000008c69b9e8,0x000000008c700000)
 Metaspace       used 88749K, committed 90560K, reserved 1179648K
  class space    used 9443K, committed 10176K, reserved 1048576K
}
Event: 576.301 GC heap before
{Heap before GC invocations=469 (full 3):
 PSYoungGen      total 3584K, used 3168K [0x00000000d5580000, 0x00000000d5a80000, 0x0000000100000000)
  eden space 3072K, 100% used [0x00000000d5580000,0x00000000d5880000,0x00000000d5880000)
  from space 512K, 18% used [0x00000000d5880000,0x00000000d5898000,0x00000000d5900000)
  to   space 512K, 0% used [0x00000000d5a00000,0x00000000d5a00000,0x00000000d5a80000)
 ParOldGen       total 203776K, used 203374K [0x0000000080000000, 0x000000008c700000, 0x00000000d5580000)
  object space 203776K, 99% used [0x0000000080000000,0x000000008c69b9e8,0x000000008c700000)
 Metaspace       used 88749K, committed 90560K, reserved 1179648K
  class space    used 9443K, committed 10176K, reserved 1048576K
}
Event: 576.303 GC heap after
{Heap after GC invocations=469 (full 3):
 PSYoungGen      total 3584K, used 160K [0x00000000d5580000, 0x00000000d5a80000, 0x0000000100000000)
  eden space 3072K, 0% used [0x00000000d5580000,0x00000000d5580000,0x00000000d5880000)
  from space 512K, 31% used [0x00000000d5a00000,0x00000000d5a28000,0x00000000d5a80000)
  to   space 512K, 0% used [0x00000000d5880000,0x00000000d5880000,0x00000000d5900000)
 ParOldGen       total 203776K, used 203446K [0x0000000080000000, 0x000000008c700000, 0x00000000d5580000)
  object space 203776K, 99% used [0x0000000080000000,0x000000008c6ad9e8,0x000000008c700000)
 Metaspace       used 88749K, committed 90560K, reserved 1179648K
  class space    used 9443K, committed 10176K, reserved 1048576K
}
Event: 576.309 GC heap before
{Heap before GC invocations=470 (full 3):
 PSYoungGen      total 3584K, used 3232K [0x00000000d5580000, 0x00000000d5a80000, 0x0000000100000000)
  eden space 3072K, 100% used [0x00000000d5580000,0x00000000d5880000,0x00000000d5880000)
  from space 512K, 31% used [0x00000000d5a00000,0x00000000d5a28000,0x00000000d5a80000)
  to   space 512K, 0% used [0x00000000d5880000,0x00000000d5880000,0x00000000d5900000)
 ParOldGen       total 203776K, used 203446K [0x0000000080000000, 0x000000008c700000, 0x00000000d5580000)
  object space 203776K, 99% used [0x0000000080000000,0x000000008c6ad9e8,0x000000008c700000)
 Metaspace       used 88749K, committed 90560K, reserved 1179648K
  class space    used 9443K, committed 10176K, reserved 1048576K
}
Event: 576.311 GC heap after
{Heap after GC invocations=470 (full 3):
 PSYoungGen      total 3584K, used 128K [0x00000000d5580000, 0x00000000d5a80000, 0x0000000100000000)
  eden space 3072K, 0% used [0x00000000d5580000,0x00000000d5580000,0x00000000d5880000)
  from space 512K, 25% used [0x00000000d5880000,0x00000000d58a0000,0x00000000d5900000)
  to   space 512K, 0% used [0x00000000d5a00000,0x00000000d5a00000,0x00000000d5a80000)
 ParOldGen       total 203776K, used 203518K [0x0000000080000000, 0x000000008c700000, 0x00000000d5580000)
  object space 203776K, 99% used [0x0000000080000000,0x000000008c6bf9e8,0x000000008c700000)
 Metaspace       used 88749K, committed 90560K, reserved 1179648K
  class space    used 9443K, committed 10176K, reserved 1048576K
}
Event: 576.323 GC heap before
{Heap before GC invocations=471 (full 3):
 PSYoungGen      total 3584K, used 3200K [0x00000000d5580000, 0x00000000d5a80000, 0x0000000100000000)
  eden space 3072K, 100% used [0x00000000d5580000,0x00000000d5880000,0x00000000d5880000)
  from space 512K, 25% used [0x00000000d5880000,0x00000000d58a0000,0x00000000d5900000)
  to   space 512K, 0% used [0x00000000d5a00000,0x00000000d5a00000,0x00000000d5a80000)
 ParOldGen       total 203776K, used 203518K [0x0000000080000000, 0x000000008c700000, 0x00000000d5580000)
  object space 203776K, 99% used [0x0000000080000000,0x000000008c6bf9e8,0x000000008c700000)
 Metaspace       used 88749K, committed 90560K, reserved 1179648K
  class space    used 9443K, committed 10176K, reserved 1048576K
}
Event: 576.325 GC heap after
{Heap after GC invocations=471 (full 3):
 PSYoungGen      total 3584K, used 128K [0x00000000d5580000, 0x00000000d5a80000, 0x0000000100000000)
  eden space 3072K, 0% used [0x00000000d5580000,0x00000000d5580000,0x00000000d5880000)
  from space 512K, 25% used [0x00000000d5a00000,0x00000000d5a20000,0x00000000d5a80000)
  to   space 512K, 0% used [0x00000000d5880000,0x00000000d5880000,0x00000000d5900000)
 ParOldGen       total 203776K, used 203590K [0x0000000080000000, 0x000000008c700000, 0x00000000d5580000)
  object space 203776K, 99% used [0x0000000080000000,0x000000008c6d19e8,0x000000008c700000)
 Metaspace       used 88749K, committed 90560K, reserved 1179648K
  class space    used 9443K, committed 10176K, reserved 1048576K
}
Event: 576.337 GC heap before
{Heap before GC invocations=472 (full 3):
 PSYoungGen      total 3584K, used 3200K [0x00000000d5580000, 0x00000000d5a80000, 0x0000000100000000)
  eden space 3072K, 100% used [0x00000000d5580000,0x00000000d5880000,0x00000000d5880000)
  from space 512K, 25% used [0x00000000d5a00000,0x00000000d5a20000,0x00000000d5a80000)
  to   space 512K, 0% used [0x00000000d5880000,0x00000000d5880000,0x00000000d5900000)
 ParOldGen       total 203776K, used 203590K [0x0000000080000000, 0x000000008c700000, 0x00000000d5580000)
  object space 203776K, 99% used [0x0000000080000000,0x000000008c6d19e8,0x000000008c700000)
 Metaspace       used 88753K, committed 90560K, reserved 1179648K
  class space    used 9443K, committed 10176K, reserved 1048576K
}
Event: 576.338 GC heap after
{Heap after GC invocations=472 (full 3):
 PSYoungGen      total 3584K, used 128K [0x00000000d5580000, 0x00000000d5a80000, 0x0000000100000000)
  eden space 3072K, 0% used [0x00000000d5580000,0x00000000d5580000,0x00000000d5880000)
  from space 512K, 25% used [0x00000000d5880000,0x00000000d58a0000,0x00000000d5900000)
  to   space 512K, 0% used [0x00000000d5a00000,0x00000000d5a00000,0x00000000d5a80000)
 ParOldGen       total 203776K, used 203654K [0x0000000080000000, 0x000000008c700000, 0x00000000d5580000)
  object space 203776K, 99% used [0x0000000080000000,0x000000008c6e19e8,0x000000008c700000)
 Metaspace       used 88753K, committed 90560K, reserved 1179648K
  class space    used 9443K, committed 10176K, reserved 1048576K
}
Event: 576.366 GC heap before
{Heap before GC invocations=473 (full 3):
 PSYoungGen      total 3584K, used 3200K [0x00000000d5580000, 0x00000000d5a80000, 0x0000000100000000)
  eden space 3072K, 100% used [0x00000000d5580000,0x00000000d5880000,0x00000000d5880000)
  from space 512K, 25% used [0x00000000d5880000,0x00000000d58a0000,0x00000000d5900000)
  to   space 512K, 0% used [0x00000000d5a00000,0x00000000d5a00000,0x00000000d5a80000)
 ParOldGen       total 203776K, used 203654K [0x0000000080000000, 0x000000008c700000, 0x00000000d5580000)
  object space 203776K, 99% used [0x0000000080000000,0x000000008c6e19e8,0x000000008c700000)
 Metaspace       used 88753K, committed 90560K, reserved 1179648K
  class space    used 9443K, committed 10176K, reserved 1048576K
}
Event: 576.368 GC heap after
{Heap after GC invocations=473 (full 3):
 PSYoungGen      total 3584K, used 463K [0x00000000d5580000, 0x00000000d5a80000, 0x0000000100000000)
  eden space 3072K, 0% used [0x00000000d5580000,0x00000000d5580000,0x00000000d5880000)
  from space 512K, 90% used [0x00000000d5a00000,0x00000000d5a73cf0,0x00000000d5a80000)
  to   space 1024K, 0% used [0x00000000d5880000,0x00000000d5880000,0x00000000d5980000)
 ParOldGen       total 203776K, used 203718K [0x0000000080000000, 0x000000008c700000, 0x00000000d5580000)
  object space 203776K, 99% used [0x0000000080000000,0x000000008c6f19e8,0x000000008c700000)
 Metaspace       used 88753K, committed 90560K, reserved 1179648K
  class space    used 9443K, committed 10176K, reserved 1048576K
}
Event: 576.410 GC heap before
{Heap before GC invocations=474 (full 3):
 PSYoungGen      total 3584K, used 3173K [0x00000000d5580000, 0x00000000d5a80000, 0x0000000100000000)
  eden space 3072K, 88% used [0x00000000d5580000,0x00000000d5825838,0x00000000d5880000)
  from space 512K, 90% used [0x00000000d5a00000,0x00000000d5a73cf0,0x00000000d5a80000)
  to   space 1024K, 0% used [0x00000000d5880000,0x00000000d5880000,0x00000000d5980000)
 ParOldGen       total 203776K, used 203718K [0x0000000080000000, 0x000000008c700000, 0x00000000d5580000)
  object space 203776K, 99% used [0x0000000080000000,0x000000008c6f19e8,0x000000008c700000)
 Metaspace       used 88755K, committed 90560K, reserved 1179648K
  class space    used 9443K, committed 10176K, reserved 1048576K
}
Event: 576.413 GC heap after
{Heap after GC invocations=474 (full 3):
 PSYoungGen      total 4096K, used 834K [0x00000000d5580000, 0x00000000d5a80000, 0x0000000100000000)
  eden space 3072K, 0% used [0x00000000d5580000,0x00000000d5580000,0x00000000d5880000)
  from space 1024K, 81% used [0x00000000d5880000,0x00000000d5950b58,0x00000000d5980000)
  to   space 1024K, 0% used [0x00000000d5980000,0x00000000d5980000,0x00000000d5a80000)
 ParOldGen       total 204288K, used 204118K [0x0000000080000000, 0x000000008c780000, 0x00000000d5580000)
  object space 204288K, 99% used [0x0000000080000000,0x000000008c7559f8,0x000000008c780000)
 Metaspace       used 88755K, committed 90560K, reserved 1179648K
  class space    used 9443K, committed 10176K, reserved 1048576K
}
Event: 576.413 GC heap before
{Heap before GC invocations=475 (full 4):
 PSYoungGen      total 4096K, used 834K [0x00000000d5580000, 0x00000000d5a80000, 0x0000000100000000)
  eden space 3072K, 0% used [0x00000000d5580000,0x00000000d5580000,0x00000000d5880000)
  from space 1024K, 81% used [0x00000000d5880000,0x00000000d5950b58,0x00000000d5980000)
  to   space 1024K, 0% used [0x00000000d5980000,0x00000000d5980000,0x00000000d5a80000)
 ParOldGen       total 204288K, used 204118K [0x0000000080000000, 0x000000008c780000, 0x00000000d5580000)
  object space 204288K, 99% used [0x0000000080000000,0x000000008c7559f8,0x000000008c780000)
 Metaspace       used 88755K, committed 90560K, reserved 1179648K
  class space    used 9443K, committed 10176K, reserved 1048576K
}
Event: 576.736 GC heap after
{Heap after GC invocations=475 (full 4):
 PSYoungGen      total 4096K, used 0K [0x00000000d5580000, 0x00000000d5a80000, 0x0000000100000000)
  eden space 3072K, 0% used [0x00000000d5580000,0x00000000d5580000,0x00000000d5880000)
  from space 1024K, 0% used [0x00000000d5880000,0x00000000d5880000,0x00000000d5980000)
  to   space 1024K, 0% used [0x00000000d5980000,0x00000000d5980000,0x00000000d5a80000)
 ParOldGen       total 204288K, used 66697K [0x0000000080000000, 0x000000008c780000, 0x00000000d5580000)
  object space 204288K, 32% used [0x0000000080000000,0x0000000084122468,0x000000008c780000)
 Metaspace       used 88474K, committed 90560K, reserved 1179648K
  class space    used 9420K, committed 10176K, reserved 1048576K
}
Event: 576.826 GC heap before
{Heap before GC invocations=476 (full 4):
 PSYoungGen      total 4096K, used 3072K [0x00000000d5580000, 0x00000000d5a80000, 0x0000000100000000)
  eden space 3072K, 100% used [0x00000000d5580000,0x00000000d5880000,0x00000000d5880000)
  from space 1024K, 0% used [0x00000000d5880000,0x00000000d5880000,0x00000000d5980000)
  to   space 1024K, 0% used [0x00000000d5980000,0x00000000d5980000,0x00000000d5a80000)
 ParOldGen       total 204288K, used 66697K [0x0000000080000000, 0x000000008c780000, 0x00000000d5580000)
  object space 204288K, 32% used [0x0000000080000000,0x0000000084122468,0x000000008c780000)
 Metaspace       used 88490K, committed 90560K, reserved 1179648K
  class space    used 9422K, committed 10176K, reserved 1048576K
}
Event: 576.829 GC heap after
{Heap after GC invocations=476 (full 4):
 PSYoungGen      total 4096K, used 900K [0x00000000d5580000, 0x00000000d5a80000, 0x0000000100000000)
  eden space 3072K, 0% used [0x00000000d5580000,0x00000000d5580000,0x00000000d5880000)
  from space 1024K, 87% used [0x00000000d5980000,0x00000000d5a611d0,0x00000000d5a80000)
  to   space 1024K, 0% used [0x00000000d5880000,0x00000000d5880000,0x00000000d5980000)
 ParOldGen       total 204288K, used 66697K [0x0000000080000000, 0x000000008c780000, 0x00000000d5580000)
  object space 204288K, 32% used [0x0000000080000000,0x0000000084122468,0x000000008c780000)
 Metaspace       used 88490K, committed 90560K, reserved 1179648K
  class space    used 9422K, committed 10176K, reserved 1048576K
}
Event: 576.850 GC heap before
{Heap before GC invocations=477 (full 4):
 PSYoungGen      total 4096K, used 3972K [0x00000000d5580000, 0x00000000d5a80000, 0x0000000100000000)
  eden space 3072K, 100% used [0x00000000d5580000,0x00000000d5880000,0x00000000d5880000)
  from space 1024K, 87% used [0x00000000d5980000,0x00000000d5a611d0,0x00000000d5a80000)
  to   space 1024K, 0% used [0x00000000d5880000,0x00000000d5880000,0x00000000d5980000)
 ParOldGen       total 204288K, used 66697K [0x0000000080000000, 0x000000008c780000, 0x00000000d5580000)
  object space 204288K, 32% used [0x0000000080000000,0x0000000084122468,0x000000008c780000)
 Metaspace       used 88490K, committed 90560K, reserved 1179648K
  class space    used 9422K, committed 10176K, reserved 1048576K
}
Event: 576.854 GC heap after
{Heap after GC invocations=477 (full 4):
 PSYoungGen      total 4096K, used 992K [0x00000000d5580000, 0x00000000d6080000, 0x0000000100000000)
  eden space 3072K, 0% used [0x00000000d5580000,0x00000000d5580000,0x00000000d5880000)
  from space 1024K, 96% used [0x00000000d5880000,0x00000000d5978020,0x00000000d5980000)
  to   space 4096K, 0% used [0x00000000d5c80000,0x00000000d5c80000,0x00000000d6080000)
 ParOldGen       total 204288K, used 68973K [0x0000000080000000, 0x000000008c780000, 0x00000000d5580000)
  object space 204288K, 33% used [0x0000000080000000,0x000000008435b638,0x000000008c780000)
 Metaspace       used 88490K, committed 90560K, reserved 1179648K
  class space    used 9422K, committed 10176K, reserved 1048576K
}

